<?xml version="1.0" encoding="UTF-8"?>
<testsuite xmlns:xsi="http://www.w3.org/2001/XMLSchema-instance" xsi:noNamespaceSchemaLocation="https://maven.apache.org/surefire/maven-surefire-plugin/xsd/surefire-test-report-3.0.xsd" version="3.0" name="TestSuite" time="192.79" tests="10" errors="0" skipped="0" failures="4">
  <properties>
[...]
</properties>
  <testcase name="TC009_RoundtripFlightSearchInvalid" classname="com.spicejet.test.RoundtripFlightSearchInvalidTest" time="5.478">
    <system-err><![CDATA[SLF4J: Failed to load class "org.slf4j.impl.StaticLoggerBinder".
SLF4J: Defaulting to no-operation (NOP) logger implementation
SLF4J: See http://www.slf4j.org/codes.html#StaticLoggerBinder for further details.
May 02, 2024 4:23:29 PM org.openqa.selenium.devtools.CdpVersionFinder findNearestMatch
WARNING: Unable to find an exact match for CDP version 124, returning the closest version; found: 122; Please update to a Selenium version that supports CDP version 124
]]></system-err>
  </testcase>
  <testcase name="TC002_LoginwithInvalidDetailsTest" classname="com.spicejet.test.LoginWithInvalidDetailsTest" time="3.188">
    <system-err><![CDATA[May 02, 2024 4:23:44 PM org.openqa.selenium.devtools.CdpVersionFinder findNearestMatch
WARNING: Unable to find an exact match for CDP version 124, returning the closest version; found: 122; Please update to a Selenium version that supports CDP version 124
]]></system-err>
  </testcase>
  <testcase name="TC004_SignUpwithInvalidDetails" classname="com.spicejet.test.SignUpwithInvalidDetailsTest" time="7.566">
    <failure message="expected [Please fill all mandatory fields marked with an &apos;*&apos; to proceed] but found []" type="java.lang.AssertionError"><![CDATA[java.lang.AssertionError: expected [Please fill all mandatory fields marked with an '*' to proceed] but found []
	at com.spicejet.test.SignUpwithInvalidDetailsTest.TC004_SignUpwithInvalidDetails(SignUpwithInvalidDetailsTest.java:26)
]]></failure>
    <system-err><![CDATA[May 02, 2024 4:23:56 PM org.openqa.selenium.devtools.CdpVersionFinder findNearestMatch
WARNING: Unable to find an exact match for CDP version 124, returning the closest version; found: 122; Please update to a Selenium version that supports CDP version 124
]]></system-err>
  </testcase>
  <testcase name="TC001_LoginTest" classname="com.spicejet.test.LoginPageTest" time="5.524">
    <system-err><![CDATA[May 02, 2024 4:24:12 PM org.openqa.selenium.devtools.CdpVersionFinder findNearestMatch
WARNING: Unable to find an exact match for CDP version 124, returning the closest version; found: 122; Please update to a Selenium version that supports CDP version 124
]]></system-err>
  </testcase>
  <testcase name="TC003_SignUpPageTest" classname="com.spicejet.test.SignUpPageTest" time="5.06">
    <failure message="stale element reference: stale element not found in the current frame&#10;  (Session info: chrome=124.0.6367.93)&#10;For documentation on this error, please visit: https://www.selenium.dev/documentation/webdriver/troubleshooting/errors#stale-element-reference-exception&#10;Build info: version: &apos;4.18.1&apos;, revision: &apos;b1d3319b48&apos;&#10;System info: os.name: &apos;Windows 11&apos;, os.arch: &apos;amd64&apos;, os.version: &apos;10.0&apos;, java.version: &apos;17.0.5&apos;&#10;Driver info: org.openqa.selenium.chrome.ChromeDriver&#10;Command: [84cad3b2a3c53b90650f7eda4f222f1e, clickElement {id=f.55C126A7AABDCFFE74F2F202A332E58C.d.8FEF7DD5F7A3F33EFBB8148C051955AA.e.13}]&#10;Capabilities {acceptInsecureCerts: false, browserName: chrome, browserVersion: 124.0.6367.93, chrome: {chromedriverVersion: 124.0.6367.91 (51df0e5e17a8..., userDataDir: C:\Users\vaish\AppData\Loca...}, fedcm:accounts: true, goog:chromeOptions: {debuggerAddress: localhost:50575}, networkConnectionEnabled: false, pageLoadStrategy: normal, platformName: windows, proxy: Proxy(), se:cdp: ws://localhost:50575/devtoo..., se:cdpVersion: 124.0.6367.93, setWindowRect: true, strictFileInteractability: false, timeouts: {implicit: 0, pageLoad: 300000, script: 30000}, unhandledPromptBehavior: dismiss and notify, webauthn:extension:credBlob: true, webauthn:extension:largeBlob: true, webauthn:extension:minPinLength: true, webauthn:extension:prf: true, webauthn:virtualAuthenticators: true}&#10;Element: [[ChromeDriver: chrome on windows (84cad3b2a3c53b90650f7eda4f222f1e)] -&gt; xpath: //div[contains(text(),&apos;Signup&apos;)]]&#10;Session ID: 84cad3b2a3c53b90650f7eda4f222f1e" type="org.openqa.selenium.StaleElementReferenceException"><![CDATA[org.openqa.selenium.StaleElementReferenceException: 
stale element reference: stale element not found in the current frame
  (Session info: chrome=124.0.6367.93)
For documentation on this error, please visit: https://www.selenium.dev/documentation/webdriver/troubleshooting/errors#stale-element-reference-exception
Build info: version: '4.18.1', revision: 'b1d3319b48'
System info: os.name: 'Windows 11', os.arch: 'amd64', os.version: '10.0', java.version: '17.0.5'
Driver info: org.openqa.selenium.chrome.ChromeDriver
Command: [84cad3b2a3c53b90650f7eda4f222f1e, clickElement {id=f.55C126A7AABDCFFE74F2F202A332E58C.d.8FEF7DD5F7A3F33EFBB8148C051955AA.e.13}]
Capabilities {acceptInsecureCerts: false, browserName: chrome, browserVersion: 124.0.6367.93, chrome: {chromedriverVersion: 124.0.6367.91 (51df0e5e17a8..., userDataDir: C:\Users\vaish\AppData\Loca...}, fedcm:accounts: true, goog:chromeOptions: {debuggerAddress: localhost:50575}, networkConnectionEnabled: false, pageLoadStrategy: normal, platformName: windows, proxy: Proxy(), se:cdp: ws://localhost:50575/devtoo..., se:cdpVersion: 124.0.6367.93, setWindowRect: true, strictFileInteractability: false, timeouts: {implicit: 0, pageLoad: 300000, script: 30000}, unhandledPromptBehavior: dismiss and notify, webauthn:extension:credBlob: true, webauthn:extension:largeBlob: true, webauthn:extension:minPinLength: true, webauthn:extension:prf: true, webauthn:virtualAuthenticators: true}
Element: [[ChromeDriver: chrome on windows (84cad3b2a3c53b90650f7eda4f222f1e)] -> xpath: //div[contains(text(),'Signup')]]
Session ID: 84cad3b2a3c53b90650f7eda4f222f1e
	at com.spicejet.test.SignUpPageTest.TC003_SignUpPageTest(SignUpPageTest.java:24)
]]></failure>
    <system-err><![CDATA[May 02, 2024 4:24:26 PM org.openqa.selenium.devtools.CdpVersionFinder findNearestMatch
WARNING: Unable to find an exact match for CDP version 124, returning the closest version; found: 122; Please update to a Selenium version that supports CDP version 124
]]></system-err>
  </testcase>
  <testcase name="TC005_searchFlightforOneWayTrip" classname="com.spicejet.test.SearchForFlightOnewayTest" time="4.621">
    <system-err><![CDATA[May 02, 2024 4:24:35 PM org.openqa.selenium.devtools.CdpVersionFinder findNearestMatch
WARNING: Unable to find an exact match for CDP version 124, returning the closest version; found: 122; Please update to a Selenium version that supports CDP version 124
]]></system-err>
  </testcase>
  <testcase name="TC006_searchFlightforRoundTripTest" classname="com.spicejet.test.SearchForFlightRoundTripTest" time="5.911">
    <system-err><![CDATA[May 02, 2024 4:24:49 PM org.openqa.selenium.devtools.CdpVersionFinder findNearestMatch
WARNING: Unable to find an exact match for CDP version 124, returning the closest version; found: 122; Please update to a Selenium version that supports CDP version 124
]]></system-err>
  </testcase>
  <testcase name="TC010_checkNavigationTabs" classname="com.spicejet.test.BookingPageNavigationTabsTest" time="1.012">
    <system-err><![CDATA[May 02, 2024 4:25:03 PM org.openqa.selenium.devtools.CdpVersionFinder findNearestMatch
WARNING: Unable to find an exact match for CDP version 124, returning the closest version; found: 122; Please update to a Selenium version that supports CDP version 124
]]></system-err>
  </testcase>
  <testcase name="TC008_roundtripbookingTest" classname="com.spicejet.test.RoundTripBookingTest" time="41.551">
    <failure message="no such element: Unable to locate element: {&quot;method&quot;:&quot;xpath&quot;,&quot;selector&quot;:&quot;//input[@id=&apos;card_number&apos;]&quot;}&#10;  (Session info: chrome=124.0.6367.93)&#10;For documentation on this error, please visit: https://www.selenium.dev/documentation/webdriver/troubleshooting/errors#no-such-element-exception&#10;Build info: version: &apos;4.18.1&apos;, revision: &apos;b1d3319b48&apos;&#10;System info: os.name: &apos;Windows 11&apos;, os.arch: &apos;amd64&apos;, os.version: &apos;10.0&apos;, java.version: &apos;17.0.5&apos;&#10;Driver info: org.openqa.selenium.chrome.ChromeDriver&#10;Command: [c2033dbee3ddf7ffc1d42c51ab4301e3, findElement {value=//input[@id=&apos;card_number&apos;], using=xpath}]&#10;Capabilities {acceptInsecureCerts: false, browserName: chrome, browserVersion: 124.0.6367.93, chrome: {chromedriverVersion: 124.0.6367.91 (51df0e5e17a8..., userDataDir: C:\Users\vaish\AppData\Loca...}, fedcm:accounts: true, goog:chromeOptions: {debuggerAddress: localhost:50873}, networkConnectionEnabled: false, pageLoadStrategy: normal, platformName: windows, proxy: Proxy(), se:cdp: ws://localhost:50873/devtoo..., se:cdpVersion: 124.0.6367.93, setWindowRect: true, strictFileInteractability: false, timeouts: {implicit: 0, pageLoad: 300000, script: 30000}, unhandledPromptBehavior: dismiss and notify, webauthn:extension:credBlob: true, webauthn:extension:largeBlob: true, webauthn:extension:minPinLength: true, webauthn:extension:prf: true, webauthn:virtualAuthenticators: true}&#10;Session ID: c2033dbee3ddf7ffc1d42c51ab4301e3" type="org.openqa.selenium.NoSuchElementException"><![CDATA[org.openqa.selenium.NoSuchElementException: 
no such element: Unable to locate element: {"method":"xpath","selector":"//input[@id='card_number']"}
  (Session info: chrome=124.0.6367.93)
For documentation on this error, please visit: https://www.selenium.dev/documentation/webdriver/troubleshooting/errors#no-such-element-exception
Build info: version: '4.18.1', revision: 'b1d3319b48'
System info: os.name: 'Windows 11', os.arch: 'amd64', os.version: '10.0', java.version: '17.0.5'
Driver info: org.openqa.selenium.chrome.ChromeDriver
Command: [c2033dbee3ddf7ffc1d42c51ab4301e3, findElement {value=//input[@id='card_number'], using=xpath}]
Capabilities {acceptInsecureCerts: false, browserName: chrome, browserVersion: 124.0.6367.93, chrome: {chromedriverVersion: 124.0.6367.91 (51df0e5e17a8..., userDataDir: C:\Users\vaish\AppData\Loca...}, fedcm:accounts: true, goog:chromeOptions: {debuggerAddress: localhost:50873}, networkConnectionEnabled: false, pageLoadStrategy: normal, platformName: windows, proxy: Proxy(), se:cdp: ws://localhost:50873/devtoo..., se:cdpVersion: 124.0.6367.93, setWindowRect: true, strictFileInteractability: false, timeouts: {implicit: 0, pageLoad: 300000, script: 30000}, unhandledPromptBehavior: dismiss and notify, webauthn:extension:credBlob: true, webauthn:extension:largeBlob: true, webauthn:extension:minPinLength: true, webauthn:extension:prf: true, webauthn:virtualAuthenticators: true}
Session ID: c2033dbee3ddf7ffc1d42c51ab4301e3
	at com.spicejet.test.RoundTripBookingTest.TC008_roundtripbookingTest(RoundTripBookingTest.java:27)
]]></failure>
    <system-err><![CDATA[May 02, 2024 4:25:12 PM org.openqa.selenium.devtools.CdpVersionFinder findNearestMatch
WARNING: Unable to find an exact match for CDP version 124, returning the closest version; found: 122; Please update to a Selenium version that supports CDP version 124
]]></system-err>
  </testcase>
  <testcase name="TC007_onewaytripbookingTest" classname="com.spicejet.test.OnewayTripBookingTest" time="26.42">
    <failure message="no such element: Unable to locate element: {&quot;method&quot;:&quot;xpath&quot;,&quot;selector&quot;:&quot;//div[@data-testid=&apos;undefined-month-May-2024&apos;]//div[@data-testid=&apos;undefined-calendar-day-20&apos;]&quot;}&#10;  (Session info: chrome=124.0.6367.93)&#10;For documentation on this error, please visit: https://www.selenium.dev/documentation/webdriver/troubleshooting/errors#no-such-element-exception&#10;Build info: version: &apos;4.18.1&apos;, revision: &apos;b1d3319b48&apos;&#10;System info: os.name: &apos;Windows 11&apos;, os.arch: &apos;amd64&apos;, os.version: &apos;10.0&apos;, java.version: &apos;17.0.5&apos;&#10;Driver info: org.openqa.selenium.chrome.ChromeDriver&#10;Command: [810ecaa90677ecebec22cf080be35bb8, findElement {value=//div[@data-testid=&apos;undefined-month-May-2024&apos;]//div[@data-testid=&apos;undefined-calendar-day-20&apos;], using=xpath}]&#10;Capabilities {acceptInsecureCerts: false, browserName: chrome, browserVersion: 124.0.6367.93, chrome: {chromedriverVersion: 124.0.6367.91 (51df0e5e17a8..., userDataDir: C:\Users\vaish\AppData\Loca...}, fedcm:accounts: true, goog:chromeOptions: {debuggerAddress: localhost:50999}, networkConnectionEnabled: false, pageLoadStrategy: normal, platformName: windows, proxy: Proxy(), se:cdp: ws://localhost:50999/devtoo..., se:cdpVersion: 124.0.6367.93, setWindowRect: true, strictFileInteractability: false, timeouts: {implicit: 0, pageLoad: 300000, script: 30000}, unhandledPromptBehavior: dismiss and notify, webauthn:extension:credBlob: true, webauthn:extension:largeBlob: true, webauthn:extension:minPinLength: true, webauthn:extension:prf: true, webauthn:virtualAuthenticators: true}&#10;Session ID: 810ecaa90677ecebec22cf080be35bb8" type="org.openqa.selenium.NoSuchElementException"><![CDATA[org.openqa.selenium.NoSuchElementException: 
no such element: Unable to locate element: {"method":"xpath","selector":"//div[@data-testid='undefined-month-May-2024']//div[@data-testid='undefined-calendar-day-20']"}
  (Session info: chrome=124.0.6367.93)
For documentation on this error, please visit: https://www.selenium.dev/documentation/webdriver/troubleshooting/errors#no-such-element-exception
Build info: version: '4.18.1', revision: 'b1d3319b48'
System info: os.name: 'Windows 11', os.arch: 'amd64', os.version: '10.0', java.version: '17.0.5'
Driver info: org.openqa.selenium.chrome.ChromeDriver
Command: [810ecaa90677ecebec22cf080be35bb8, findElement {value=//div[@data-testid='undefined-month-May-2024']//div[@data-testid='undefined-calendar-day-20'], using=xpath}]
Capabilities {acceptInsecureCerts: false, browserName: chrome, browserVersion: 124.0.6367.93, chrome: {chromedriverVersion: 124.0.6367.91 (51df0e5e17a8..., userDataDir: C:\Users\vaish\AppData\Loca...}, fedcm:accounts: true, goog:chromeOptions: {debuggerAddress: localhost:50999}, networkConnectionEnabled: false, pageLoadStrategy: normal, platformName: windows, proxy: Proxy(), se:cdp: ws://localhost:50999/devtoo..., se:cdpVersion: 124.0.6367.93, setWindowRect: true, strictFileInteractability: false, timeouts: {implicit: 0, pageLoad: 300000, script: 30000}, unhandledPromptBehavior: dismiss and notify, webauthn:extension:credBlob: true, webauthn:extension:largeBlob: true, webauthn:extension:minPinLength: true, webauthn:extension:prf: true, webauthn:virtualAuthenticators: true}
Session ID: 810ecaa90677ecebec22cf080be35bb8
	at com.spicejet.test.OnewayTripBookingTest.TC007_onewaytripbookingTest(OnewayTripBookingTest.java:25)
]]></failure>
    <system-err><![CDATA[May 02, 2024 4:26:02 PM org.openqa.selenium.devtools.CdpVersionFinder findNearestMatch
WARNING: Unable to find an exact match for CDP version 124, returning the closest version; found: 122; Please update to a Selenium version that supports CDP version 124
]]></system-err>
  </testcase>
</testsuite>